#
# There is insufficient memory for the Java Runtime Environment to continue.
# Native memory allocation (malloc) failed to allocate 32744 bytes for ChunkPool::allocate
# Possible reasons:
#   The system is out of physical RAM or swap space
#   The process is running with CompressedOops enabled, and the Java Heap may be blocking the growth of the native heap
# Possible solutions:
#   Reduce memory load on the system
#   Increase physical memory or swap space
#   Check if swap backing store is full
#   Decrease Java heap size (-Xmx/-Xms)
#   Decrease number of Java threads
#   Decrease Java thread stack sizes (-Xss)
#   Set larger code cache with -XX:ReservedCodeCacheSize=
#   JVM is running with Zero Based Compressed Oops mode in which the Java heap is
#     placed in the first 32GB address space. The Java Heap base address is the
#     maximum limit for the native heap growth. Please use -XX:HeapBaseMinAddress
#     to set the Java Heap base and to place the Java Heap above 32GB virtual address.
# This output file may be truncated or incomplete.
#
#  Out of Memory Error (allocation.cpp:273), pid=4496, tid=0x0000000000004d84
#
# JRE version: Java(TM) SE Runtime Environment (8.0_201-b09) (build 1.8.0_201-b09)
# Java VM: Java HotSpot(TM) 64-Bit Server VM (25.201-b09 mixed mode windows-amd64 compressed oops)
# Failed to write core dump. Minidumps are not enabled by default on client versions of Windows
#

---------------  T H R E A D  ---------------

Current thread (0x000000001f710800):  JavaThread "restartedMain" [_thread_in_vm, id=19844, stack(0x0000000020960000,0x0000000020a60000)]

Stack: [0x0000000020960000,0x0000000020a60000]
[error occurred during error reporting (printing stack bounds), id 0xc0000005]

Native frames: (J=compiled Java code, j=interpreted, Vv=VM code, C=native code)

Java frames: (J=compiled Java code, j=interpreted, Vv=VM code)
J 884  java.lang.ClassLoader.defineClass1(Ljava/lang/String;[BIILjava/security/ProtectionDomain;Ljava/lang/String;)Ljava/lang/Class; (0 bytes) @ 0x00000000032aa49f [0x00000000032aa400+0x9f]
J 747 C1 java.lang.ClassLoader.defineClass(Ljava/lang/String;[BIILjava/security/ProtectionDomain;)Ljava/lang/Class; (43 bytes) @ 0x000000000326fe6c [0x000000000326fd60+0x10c]
J 750 C1 java.net.URLClassLoader.defineClass(Ljava/lang/String;Lsun/misc/Resource;)Ljava/lang/Class; (142 bytes) @ 0x0000000003272464 [0x0000000003271a80+0x9e4]
J 695 C1 java.net.URLClassLoader$1.run()Ljava/lang/Class; (63 bytes) @ 0x000000000325bc4c [0x000000000325bb80+0xcc]
J 694 C1 java.net.URLClassLoader$1.run()Ljava/lang/Object; (5 bytes) @ 0x000000000325b854 [0x000000000325b820+0x34]
v  ~StubRoutines::call_stub
J 506  java.security.AccessController.doPrivileged(Ljava/security/PrivilegedExceptionAction;Ljava/security/AccessControlContext;)Ljava/lang/Object; (0 bytes) @ 0x0000000003204866 [0x0000000003204800+0x66]
J 692 C1 java.net.URLClassLoader.findClass(Ljava/lang/String;)Ljava/lang/Class; (47 bytes) @ 0x000000000325b004 [0x000000000325af40+0xc4]
J 521 C1 java.lang.ClassLoader.loadClass(Ljava/lang/String;Z)Ljava/lang/Class; (122 bytes) @ 0x0000000003208db4 [0x0000000003208aa0+0x314]
J 598 C1 sun.misc.Launcher$AppClassLoader.loadClass(Ljava/lang/String;Z)Ljava/lang/Class; (85 bytes) @ 0x00000000032289d4 [0x00000000032286e0+0x2f4]
J 597 C1 java.lang.ClassLoader.loadClass(Ljava/lang/String;)Ljava/lang/Class; (7 bytes) @ 0x00000000032283a4 [0x0000000003228360+0x44]
v  ~StubRoutines::call_stub
J 884  java.lang.ClassLoader.defineClass1(Ljava/lang/String;[BIILjava/security/ProtectionDomain;Ljava/lang/String;)Ljava/lang/Class; (0 bytes) @ 0x00000000032aa49f [0x00000000032aa400+0x9f]
J 747 C1 java.lang.ClassLoader.defineClass(Ljava/lang/String;[BIILjava/security/ProtectionDomain;)Ljava/lang/Class; (43 bytes) @ 0x000000000326fe6c [0x000000000326fd60+0x10c]
J 750 C1 java.net.URLClassLoader.defineClass(Ljava/lang/String;Lsun/misc/Resource;)Ljava/lang/Class; (142 bytes) @ 0x0000000003272464 [0x0000000003271a80+0x9e4]
J 695 C1 java.net.URLClassLoader$1.run()Ljava/lang/Class; (63 bytes) @ 0x000000000325bc4c [0x000000000325bb80+0xcc]
J 694 C1 java.net.URLClassLoader$1.run()Ljava/lang/Object; (5 bytes) @ 0x000000000325b854 [0x000000000325b820+0x34]
v  ~StubRoutines::call_stub
J 506  java.security.AccessController.doPrivileged(Ljava/security/PrivilegedExceptionAction;Ljava/security/AccessControlContext;)Ljava/lang/Object; (0 bytes) @ 0x0000000003204866 [0x0000000003204800+0x66]
J 692 C1 java.net.URLClassLoader.findClass(Ljava/lang/String;)Ljava/lang/Class; (47 bytes) @ 0x000000000325b004 [0x000000000325af40+0xc4]
J 521 C1 java.lang.ClassLoader.loadClass(Ljava/lang/String;Z)Ljava/lang/Class; (122 bytes) @ 0x0000000003208db4 [0x0000000003208aa0+0x314]
J 598 C1 sun.misc.Launcher$AppClassLoader.loadClass(Ljava/lang/String;Z)Ljava/lang/Class; (85 bytes) @ 0x00000000032289d4 [0x00000000032286e0+0x2f4]
J 597 C1 java.lang.ClassLoader.loadClass(Ljava/lang/String;)Ljava/lang/Class; (7 bytes) @ 0x00000000032283a4 [0x0000000003228360+0x44]
v  ~StubRoutines::call_stub
j  org.hibernate.internal.SessionFactoryImpl$SessionBuilderImpl.openSession()Lorg/hibernate/Session;+12
j  org.hibernate.internal.SessionFactoryImpl.buildEntityManager(Ljavax/persistence/SynchronizationType;Ljava/util/Map;)Lorg/hibernate/Session;+53
j  org.hibernate.internal.SessionFactoryImpl.createEntityManager()Lorg/hibernate/Session;+9
j  org.hibernate.internal.SessionFactoryImpl.createEntityManager()Ljavax/persistence/EntityManager;+1
v  ~StubRoutines::call_stub
J 1812  sun.reflect.NativeMethodAccessorImpl.invoke0(Ljava/lang/reflect/Method;Ljava/lang/Object;[Ljava/lang/Object;)Ljava/lang/Object; (0 bytes) @ 0x000000000341647f [0x0000000003416400+0x7f]
J 1811 C1 sun.reflect.NativeMethodAccessorImpl.invoke(Ljava/lang/Object;[Ljava/lang/Object;)Ljava/lang/Object; (104 bytes) @ 0x0000000003416c24 [0x0000000003416860+0x3c4]
J 1708 C1 sun.reflect.DelegatingMethodAccessorImpl.invoke(Ljava/lang/Object;[Ljava/lang/Object;)Ljava/lang/Object; (10 bytes) @ 0x00000000033e12e4 [0x00000000033e12a0+0x44]
J 1707 C1 java.lang.reflect.Method.invoke(Ljava/lang/Object;[Ljava/lang/Object;)Ljava/lang/Object; (62 bytes) @ 0x00000000033e0ee4 [0x00000000033e0de0+0x104]
j  org.springframework.orm.jpa.AbstractEntityManagerFactoryBean.invokeProxyMethod(Ljava/lang/reflect/Method;[Ljava/lang/Object;)Ljava/lang/Object;+157
j  org.springframework.orm.jpa.AbstractEntityManagerFactoryBean$ManagedEntityManagerFactoryInvocationHandler.invoke(Ljava/lang/Object;Ljava/lang/reflect/Method;[Ljava/lang/Object;)Ljava/lang/Object;+98
j  com.sun.proxy.$Proxy92.createEntityManager()Ljavax/persistence/EntityManager;+9
j  org.springframework.orm.jpa.SharedEntityManagerCreator$SharedEntityManagerInvocationHandler.invoke(Ljava/lang/Object;Ljava/lang/reflect/Method;[Ljava/lang/Object;)Ljava/lang/Object;+481
j  com.sun.proxy.$Proxy95.getDelegate()Ljava/lang/Object;+9
j  org.springframework.data.jpa.provider.PersistenceProvider.fromEntityManager(Ljavax/persistence/EntityManager;)Lorg/springframework/data/jpa/provider/PersistenceProvider;+7
j  org.springframework.data.jpa.repository.support.JpaRepositoryFactory.<init>(Ljavax/persistence/EntityManager;)V+24
j  org.springframework.data.jpa.repository.support.JpaRepositoryFactoryBean.createRepositoryFactory(Ljavax/persistence/EntityManager;)Lorg/springframework/data/repository/core/support/RepositoryFactorySupport;+5
j  org.springframework.data.jpa.repository.support.JpaRepositoryFactoryBean.doCreateRepositoryFactory()Lorg/springframework/data/repository/core/support/RepositoryFactorySupport;+22
j  org.springframework.data.repository.core.support.TransactionalRepositoryFactoryBeanSupport.createRepositoryFactory()Lorg/springframework/data/repository/core/support/RepositoryFactorySupport;+1
j  org.springframework.data.repository.core.support.RepositoryFactoryBeanSupport.afterPropertiesSet()V+2
j  org.springframework.data.jpa.repository.support.JpaRepositoryFactoryBean.afterPropertiesSet()V+18
j  org.springframework.beans.factory.support.AbstractAutowireCapableBeanFactory.invokeInitMethods(Ljava/lang/String;Ljava/lang/Object;Lorg/springframework/beans/factory/support/RootBeanDefinition;)V+106
j  org.springframework.beans.factory.support.AbstractAutowireCapableBeanFactory.initializeBean(Ljava/lang/String;Ljava/lang/Object;Lorg/springframework/beans/factory/support/RootBeanDefinition;)Ljava/lang/Object;+59
j  org.springframework.beans.factory.support.AbstractAutowireCapableBeanFactory.doCreateBean(Ljava/lang/String;Lorg/springframework/beans/factory/support/RootBeanDefinition;[Ljava/lang/Object;)Ljava/lang/Object;+245
j  org.springframework.beans.factory.support.AbstractAutowireCapableBeanFactory.createBean(Ljava/lang/String;Lorg/springframework/beans/factory/support/RootBeanDefinition;[Ljava/lang/Object;)Ljava/lang/Object;+169
j  org.springframework.beans.factory.support.AbstractBeanFactory.lambda$doGetBean$0(Ljava/lang/String;Lorg/springframework/beans/factory/support/RootBeanDefinition;[Ljava/lang/Object;)Ljava/lang/Object;+4
j  org.springframework.beans.factory.support.AbstractBeanFactory$$Lambda$156.getObject()Ljava/lang/Object;+16
j  org.springframework.beans.factory.support.DefaultSingletonBeanRegistry.getSingleton(Ljava/lang/String;Lorg/springframework/beans/factory/ObjectFactory;)Ljava/lang/Object;+132
J 2342 C1 org.springframework.beans.factory.support.AbstractBeanFactory.doGetBean(Ljava/lang/String;Ljava/lang/Class;[Ljava/lang/Object;Z)Ljava/lang/Object; (833 bytes) @ 0x00000000034f69ac [0x00000000034f6480+0x52c]
j  org.springframework.beans.factory.support.AbstractBeanFactory.getBean(Ljava/lang/String;)Ljava/lang/Object;+5
j  org.springframework.beans.factory.config.DependencyDescriptor.resolveCandidate(Ljava/lang/String;Ljava/lang/Class;Lorg/springframework/beans/factory/BeanFactory;)Ljava/lang/Object;+2
j  org.springframework.beans.factory.support.DefaultListableBeanFactory.doResolveDependency(Lorg/springframework/beans/factory/config/DependencyDescriptor;Ljava/lang/String;Ljava/util/Set;Lorg/springframework/beans/TypeConverter;)Ljava/lang/Object;+440
j  org.springframework.beans.factory.support.DefaultListableBeanFactory.resolveDependency(Lorg/springframework/beans/factory/config/DependencyDescriptor;Ljava/lang/String;Ljava/util/Set;Lorg/springframework/beans/TypeConverter;)Ljava/lang/Object;+108
j  org.springframework.beans.factory.annotation.AutowiredAnnotationBeanPostProcessor$AutowiredFieldElement.inject(Ljava/lang/Object;Ljava/lang/String;Lorg/springframework/beans/PropertyValues;)V+115
j  org.springframework.beans.factory.annotation.InjectionMetadata.inject(Ljava/lang/Object;Ljava/lang/String;Lorg/springframework/beans/PropertyValues;)V+116
j  org.springframework.beans.factory.annotation.AutowiredAnnotationBeanPostProcessor.postProcessProperties(Lorg/springframework/beans/PropertyValues;Ljava/lang/Object;Ljava/lang/String;)Lorg/springframework/beans/PropertyValues;+17
j  org.springframework.beans.factory.support.AbstractAutowireCapableBeanFactory.populateBean(Ljava/lang/String;Lorg/springframework/beans/factory/support/RootBeanDefinition;Lorg/springframework/beans/BeanWrapper;)V+303
j  org.springframework.beans.factory.support.AbstractAutowireCapableBeanFactory.doCreateBean(Ljava/lang/String;Lorg/springframework/beans/factory/support/RootBeanDefinition;[Ljava/lang/Object;)Ljava/lang/Object;+237
j  org.springframework.beans.factory.support.AbstractAutowireCapableBeanFactory.createBean(Ljava/lang/String;Lorg/springframework/beans/factory/support/RootBeanDefinition;[Ljava/lang/Object;)Ljava/lang/Object;+169
j  org.springframework.beans.factory.support.AbstractBeanFactory.lambda$doGetBean$0(Ljava/lang/String;Lorg/springframework/beans/factory/support/RootBeanDefinition;[Ljava/lang/Object;)Ljava/lang/Object;+4
j  org.springframework.beans.factory.support.AbstractBeanFactory$$Lambda$156.getObject()Ljava/lang/Object;+16
j  org.springframework.beans.factory.support.DefaultSingletonBeanRegistry.getSingleton(Ljava/lang/String;Lorg/springframework/beans/factory/ObjectFactory;)Ljava/lang/Object;+132
J 2342 C1 org.springframework.beans.factory.support.AbstractBeanFactory.doGetBean(Ljava/lang/String;Ljava/lang/Class;[Ljava/lang/Object;Z)Ljava/lang/Object; (833 bytes) @ 0x00000000034f69ac [0x00000000034f6480+0x52c]
j  org.springframework.beans.factory.support.AbstractBeanFactory.getBean(Ljava/lang/String;)Ljava/lang/Object;+5
j  org.springframework.beans.factory.support.DefaultListableBeanFactory.preInstantiateSingletons()V+248
j  org.springframework.context.support.AbstractApplicationContext.finishBeanFactoryInitialization(Lorg/springframework/beans/factory/config/ConfigurableListableBeanFactory;)V+124
j  org.springframework.context.support.AbstractApplicationContext.refresh()V+54
j  org.springframework.boot.web.servlet.context.ServletWebServerApplicationContext.refresh()V+1
j  org.springframework.boot.SpringApplication.refresh(Lorg/springframework/context/ApplicationContext;)V+10
j  org.springframework.boot.SpringApplication.refreshContext(Lorg/springframework/context/ConfigurableApplicationContext;)V+2
j  org.springframework.boot.SpringApplication.run([Ljava/lang/String;)Lorg/springframework/context/ConfigurableApplicationContext;+118
j  org.springframework.boot.SpringApplication.run([Ljava/lang/Class;[Ljava/lang/String;)Lorg/springframework/context/ConfigurableApplicationContext;+9
j  org.springframework.boot.SpringApplication.run(Ljava/lang/Class;[Ljava/lang/String;)Lorg/springframework/context/ConfigurableApplicationContext;+9
j  io.github.alesur.assetm.restfullwebservice.RestfullwebserviceApplication.main([Ljava/lang/String;)V+3
v  ~StubRoutines::call_stub
j  sun.reflect.NativeMethodAccessorImpl.invoke0(Ljava/lang/reflect/Method;Ljava/lang/Object;[Ljava/lang/Object;)Ljava/lang/Object;+0
j  sun.reflect.NativeMethodAccessorImpl.invoke(Ljava/lang/Object;[Ljava/lang/Object;)Ljava/lang/Object;+100
j  sun.reflect.DelegatingMethodAccessorImpl.invoke(Ljava/lang/Object;[Ljava/lang/Object;)Ljava/lang/Object;+6
j  java.lang.reflect.Method.invoke(Ljava/lang/Object;[Ljava/lang/Object;)Ljava/lang/Object;+56
j  org.springframework.boot.devtools.restart.RestartLauncher.run()V+41
v  ~StubRoutines::call_stub

---------------  P R O C E S S  ---------------

Java Threads: ( => current thread )
  0x000000002169f800 JavaThread "Live Reload Server" daemon [_thread_in_native, id=10408, stack(0x0000000025700000,0x0000000025800000)]
  0x000000002169e800 JavaThread "HikariPool-1 connection adder" daemon [_thread_blocked, id=17904, stack(0x0000000023730000,0x0000000023830000)]
  0x00000000216a1800 JavaThread "container-0" [_thread_blocked, id=5016, stack(0x0000000023630000,0x0000000023730000)]
  0x0000000021bcc000 JavaThread "Catalina-utility-2" [_thread_blocked, id=19908, stack(0x0000000023530000,0x0000000023630000)]
  0x0000000021bcb000 JavaThread "Catalina-utility-1" [_thread_blocked, id=3992, stack(0x0000000023430000,0x0000000023530000)]
  0x0000000021b17800 JavaThread "HikariPool-1 housekeeper" daemon [_thread_blocked, id=14456, stack(0x0000000023130000,0x0000000023230000)]
  0x0000000021a43000 JavaThread "mysql-cj-abandoned-connection-cleanup" daemon [_thread_blocked, id=2820, stack(0x0000000020a60000,0x0000000020b60000)]
  0x00000000210eb800 JavaThread "RMI Scheduler(0)" daemon [_thread_blocked, id=20992, stack(0x0000000022230000,0x0000000022330000)]
  0x0000000020ffc800 JavaThread "RMI TCP Connection(1)-192.168.5.254" daemon [_thread_in_native, id=18456, stack(0x0000000022130000,0x0000000022230000)]
=>0x000000001f710800 JavaThread "restartedMain" [_thread_in_vm, id=19844, stack(0x0000000020960000,0x0000000020a60000)]
  0x000000001f70e800 JavaThread "Thread-1" [_thread_blocked, id=3432, stack(0x0000000020860000,0x0000000020960000)]
  0x000000001f4d2800 JavaThread "RMI TCP Accept-0" daemon [_thread_in_native, id=15164, stack(0x0000000020320000,0x0000000020420000)]
  0x000000001ecb2000 JavaThread "Service Thread" daemon [_thread_blocked, id=736, stack(0x000000001fee0000,0x000000001ffe0000)]
  0x000000001ecde000 JavaThread "C1 CompilerThread3" daemon [_thread_blocked, id=5064, stack(0x000000001fde0000,0x000000001fee0000)]
  0x000000001f211800 JavaThread "C2 CompilerThread2" daemon [_thread_blocked, id=9956, stack(0x000000001fce0000,0x000000001fde0000)]
  0x000000001ec51800 JavaThread "C2 CompilerThread1" daemon [_thread_blocked, id=17432, stack(0x000000001fbe0000,0x000000001fce0000)]
  0x000000001ec50800 JavaThread "C2 CompilerThread0" daemon [_thread_blocked, id=13092, stack(0x000000001fae0000,0x000000001fbe0000)]
  0x000000001ecb1000 JavaThread "Monitor Ctrl-Break" daemon [_thread_in_native, id=6140, stack(0x000000001f9e0000,0x000000001fae0000)]
  0x000000001e91c000 JavaThread "Attach Listener" daemon [_thread_blocked, id=19204, stack(0x000000001f0e0000,0x000000001f1e0000)]
  0x000000001e91b000 JavaThread "Signal Dispatcher" daemon [_thread_blocked, id=14156, stack(0x000000001efe0000,0x000000001f0e0000)]
  0x000000001e900800 JavaThread "Finalizer" daemon [_thread_blocked, id=1564, stack(0x000000001ede0000,0x000000001eee0000)]
  0x000000001cb0d000 JavaThread "Reference Handler" daemon [_thread_blocked, id=6936, stack(0x000000001ece0000,0x000000001ede0000)]
  0x0000000002e47000 JavaThread "main" [_thread_blocked, id=9284, stack(0x0000000002d40000,0x0000000002e40000)]

Other Threads:
  0x000000001cb05800 VMThread [stack: 0x000000001e7e0000,0x000000001e8e0000] [id=14684]
  0x000000001f4dc800 WatcherThread [stack: 0x0000000020420000,0x0000000020520000] [id=20372]

VM state:not at safepoint (normal execution)

VM Mutex/Monitor currently owned by a thread: None

heap address: 0x00000006c0800000, size: 4088 MB, Compressed Oops mode: Zero based, Oop shift amount: 3
Narrow klass base: 0x0000000000000000, Narrow klass shift: 3
Compressed class space size: 1073741824 Address: 0x00000007c0000000

Heap:
 PSYoungGen      total 210944K, used 3205K [0x000000076ad80000, 0x0000000778a00000, 0x00000007c0000000)
  eden space 201728K, 1% used [0x000000076ad80000,0x000000076b0a14c8,0x0000000777280000)
  from space 9216K, 0% used [0x0000000778100000,0x0000000778100000,0x0000000778a00000)
  to   space 11776K, 0% used [0x0000000777300000,0x0000000777300000,0x0000000777e80000)
 ParOldGen       total 162816K, used 24892K [0x00000006c0800000, 0x00000006ca700000, 0x000000076ad80000)
  object space 162816K, 15% used [0x00000006c0800000,0x00000006c204f320,0x00000006ca700000)
 Metaspace       used 45111K, capacity 47180K, committed 47616K, reserved 1095680K
  class space    used 6385K, capacity 6786K, committed 6912K, reserved 1048576K

Card table byte_map: [0x0000000012400000,0x0000000012c00000] byte_map_base: 0x000000000edfc000

Marking Bits: (ParMarkBitMap*) 0x0000000076834ce0
 Begin Bits: [0x0000000013960000, 0x0000000017940000)
 End Bits:   [0x0000000017940000, 0x000000001b920000)

Polling page: 0x0000000001310000

CodeCache: size=245760Kb used=7093Kb max_used=7093Kb free=238666Kb
 bounds [0x0000000003040000, 0x0000000003730000, 0x0000000012040000]
 total_blobs=4126 nmethods=3591 adapters=447
 compilation: enabled

Compilation events (10 events):
Event: 3.890 Thread 0x000000001ecde000 3587       1       org.springframework.context.annotation.CommonAnnotationBeanPostProcessor$$Lambda$326/24541538::<init> (15 bytes)
Event: 3.890 Thread 0x000000001ecde000 nmethod 3587 0x000000000372bcd0 code [0x000000000372be20, 0x000000000372bf50]
Event: 3.892 Thread 0x000000001ecde000 3588       1       java.lang.invoke.BoundMethodHandle$Species_L::<init> (12 bytes)
Event: 3.892 Thread 0x000000001ecde000 nmethod 3588 0x000000000372bfd0 code [0x000000000372c120, 0x000000000372c288]
Event: 4.065 Thread 0x000000001ecde000 3589       1       sun.reflect.generics.reflectiveObjects.WildcardTypeImpl::getUpperBounds (72 bytes)
Event: 4.066 Thread 0x000000001ecde000 nmethod 3589 0x000000000372c310 code [0x000000000372c4a0, 0x000000000372c8b8]
Event: 4.070 Thread 0x000000001ecde000 3590       1       java.lang.invoke.LambdaFormEditor$Transform::<init> (17 bytes)
Event: 4.070 Thread 0x000000001ecde000 nmethod 3590 0x000000000372cad0 code [0x000000000372cc20, 0x000000000372cdb0]
Event: 4.076 Thread 0x000000001ecde000 3591       1       org.springframework.core.convert.support.GenericConversionService::invalidateCache (10 bytes)
Event: 4.076 Thread 0x000000001ecde000 nmethod 3591 0x000000000372ce10 code [0x000000000372cf60, 0x000000000372d0a8]

GC Heap History (10 events):
Event: 2.687 GC heap before
{Heap before GC invocations=7 (full 1):
 PSYoungGen      total 141824K, used 138985K [0x000000076ad80000, 0x0000000778c00000, 0x00000007c0000000)
  eden space 131072K, 100% used [0x000000076ad80000,0x0000000772d80000,0x0000000772d80000)
  from space 10752K, 73% used [0x0000000772d80000,0x000000077353a5b0,0x0000000773800000)
  to   space 11264K, 0% used [0x0000000778100000,0x0000000778100000,0x0000000778c00000)
 ParOldGen       total 97280K, used 5688K [0x00000006c0800000, 0x00000006c6700000, 0x000000076ad80000)
  object space 97280K, 5% used [0x00000006c0800000,0x00000006c0d8e208,0x00000006c6700000)
 Metaspace       used 29569K, capacity 31282K, committed 31616K, reserved 1077248K
  class space    used 4036K, capacity 4385K, committed 4480K, reserved 1048576K
Event: 2.693 GC heap after
Heap after GC invocations=7 (full 1):
 PSYoungGen      total 210944K, used 9015K [0x000000076ad80000, 0x0000000778a00000, 0x00000007c0000000)
  eden space 201728K, 0% used [0x000000076ad80000,0x000000076ad80000,0x0000000777280000)
  from space 9216K, 97% used [0x0000000778100000,0x00000007789cdf50,0x0000000778a00000)
  to   space 11776K, 0% used [0x0000000777300000,0x0000000777300000,0x0000000777e80000)
 ParOldGen       total 97280K, used 5696K [0x00000006c0800000, 0x00000006c6700000, 0x000000076ad80000)
  object space 97280K, 5% used [0x00000006c0800000,0x00000006c0d90208,0x00000006c6700000)
 Metaspace       used 29569K, capacity 31282K, committed 31616K, reserved 1077248K
  class space    used 4036K, capacity 4385K, committed 4480K, reserved 1048576K
}
Event: 2.964 GC heap before
{Heap before GC invocations=8 (full 1):
 PSYoungGen      total 210944K, used 54880K [0x000000076ad80000, 0x0000000778a00000, 0x00000007c0000000)
  eden space 201728K, 22% used [0x000000076ad80000,0x000000076da4a458,0x0000000777280000)
  from space 9216K, 97% used [0x0000000778100000,0x00000007789cdf50,0x0000000778a00000)
  to   space 11776K, 0% used [0x0000000777300000,0x0000000777300000,0x0000000777e80000)
 ParOldGen       total 97280K, used 5696K [0x00000006c0800000, 0x00000006c6700000, 0x000000076ad80000)
  object space 97280K, 5% used [0x00000006c0800000,0x00000006c0d90208,0x00000006c6700000)
 Metaspace       used 34152K, capacity 35982K, committed 36048K, reserved 1081344K
  class space    used 4595K, capacity 4973K, committed 4992K, reserved 1048576K
Event: 2.970 GC heap after
Heap after GC invocations=8 (full 1):
 PSYoungGen      total 213504K, used 11753K [0x000000076ad80000, 0x0000000778a00000, 0x00000007c0000000)
  eden space 201728K, 0% used [0x000000076ad80000,0x000000076ad80000,0x0000000777280000)
  from space 11776K, 99% used [0x0000000777300000,0x0000000777e7a5f8,0x0000000777e80000)
  to   space 9216K, 0% used [0x0000000778100000,0x0000000778100000,0x0000000778a00000)
 ParOldGen       total 97280K, used 5778K [0x00000006c0800000, 0x00000006c6700000, 0x000000076ad80000)
  object space 97280K, 5% used [0x00000006c0800000,0x00000006c0da4a58,0x00000006c6700000)
 Metaspace       used 34152K, capacity 35982K, committed 36048K, reserved 1081344K
  class space    used 4595K, capacity 4973K, committed 4992K, reserved 1048576K
}
Event: 2.970 GC heap before
{Heap before GC invocations=9 (full 2):
 PSYoungGen      total 213504K, used 11753K [0x000000076ad80000, 0x0000000778a00000, 0x00000007c0000000)
  eden space 201728K, 0% used [0x000000076ad80000,0x000000076ad80000,0x0000000777280000)
  from space 11776K, 99% used [0x0000000777300000,0x0000000777e7a5f8,0x0000000777e80000)
  to   space 9216K, 0% used [0x0000000778100000,0x0000000778100000,0x0000000778a00000)
 ParOldGen       total 97280K, used 5778K [0x00000006c0800000, 0x00000006c6700000, 0x000000076ad80000)
  object space 97280K, 5% used [0x00000006c0800000,0x00000006c0da4a58,0x00000006c6700000)
 Metaspace       used 34152K, capacity 35982K, committed 36048K, reserved 1081344K
  class space    used 4595K, capacity 4973K, committed 4992K, reserved 1048576K
Event: 3.036 GC heap after
Heap after GC invocations=9 (full 2):
 PSYoungGen      total 213504K, used 0K [0x000000076ad80000, 0x0000000778a00000, 0x00000007c0000000)
  eden space 201728K, 0% used [0x000000076ad80000,0x000000076ad80000,0x0000000777280000)
  from space 11776K, 0% used [0x0000000777300000,0x0000000777300000,0x0000000777e80000)
  to   space 9216K, 0% used [0x0000000778100000,0x0000000778100000,0x0000000778a00000)
 ParOldGen       total 162816K, used 16377K [0x00000006c0800000, 0x00000006ca700000, 0x000000076ad80000)
  object space 162816K, 10% used [0x00000006c0800000,0x00000006c17fe600,0x00000006ca700000)
 Metaspace       used 34152K, capacity 35982K, committed 36048K, reserved 1081344K
  class space    used 4595K, capacity 4973K, committed 4992K, reserved 1048576K
}
Event: 3.899 GC heap before
{Heap before GC invocations=10 (full 2):
 PSYoungGen      total 213504K, used 114735K [0x000000076ad80000, 0x0000000778a00000, 0x00000007c0000000)
  eden space 201728K, 56% used [0x000000076ad80000,0x0000000771d8be60,0x0000000777280000)
  from space 11776K, 0% used [0x0000000777300000,0x0000000777300000,0x0000000777e80000)
  to   space 9216K, 0% used [0x0000000778100000,0x0000000778100000,0x0000000778a00000)
 ParOldGen       total 162816K, used 16377K [0x00000006c0800000, 0x00000006ca700000, 0x000000076ad80000)
  object space 162816K, 10% used [0x00000006c0800000,0x00000006c17fe600,0x00000006ca700000)
 Metaspace       used 44758K, capacity 46804K, committed 46976K, reserved 1097728K
  class space    used 6338K, capacity 6748K, committed 6784K, reserved 1048576K
Event: 3.906 GC heap after
Heap after GC invocations=10 (full 2):
 PSYoungGen      total 210944K, used 9207K [0x000000076ad80000, 0x0000000778a00000, 0x00000007c0000000)
  eden space 201728K, 0% used [0x000000076ad80000,0x000000076ad80000,0x0000000777280000)
  from space 9216K, 99% used [0x0000000778100000,0x00000007789fddf0,0x0000000778a00000)
  to   space 11776K, 0% used [0x0000000777300000,0x0000000777300000,0x0000000777e80000)
 ParOldGen       total 162816K, used 19491K [0x00000006c0800000, 0x00000006ca700000, 0x000000076ad80000)
  object space 162816K, 11% used [0x00000006c0800000,0x00000006c1b08ca0,0x00000006ca700000)
 Metaspace       used 44758K, capacity 46804K, committed 46976K, reserved 1097728K
  class space    used 6338K, capacity 6748K, committed 6784K, reserved 1048576K
}
Event: 3.906 GC heap before
{Heap before GC invocations=11 (full 3):
 PSYoungGen      total 210944K, used 9207K [0x000000076ad80000, 0x0000000778a00000, 0x00000007c0000000)
  eden space 201728K, 0% used [0x000000076ad80000,0x000000076ad80000,0x0000000777280000)
  from space 9216K, 99% used [0x0000000778100000,0x00000007789fddf0,0x0000000778a00000)
  to   space 11776K, 0% used [0x0000000777300000,0x0000000777300000,0x0000000777e80000)
 ParOldGen       total 162816K, used 19491K [0x00000006c0800000, 0x00000006ca700000, 0x000000076ad80000)
  object space 162816K, 11% used [0x00000006c0800000,0x00000006c1b08ca0,0x00000006ca700000)
 Metaspace       used 44758K, capacity 46804K, committed 46976K, reserved 1097728K
  class space    used 6338K, capacity 6748K, committed 6784K, reserved 1048576K
Event: 4.062 GC heap after
Heap after GC invocations=11 (full 3):
 PSYoungGen      total 210944K, used 0K [0x000000076ad80000, 0x0000000778a00000, 0x00000007c0000000)
  eden space 201728K, 0% used [0x000000076ad80000,0x000000076ad80000,0x0000000777280000)
  from space 9216K, 0% used [0x0000000778100000,0x0000000778100000,0x0000000778a00000)
  to   space 11776K, 0% used [0x0000000777300000,0x0000000777300000,0x0000000777e80000)
 ParOldGen       total 162816K, used 24892K [0x00000006c0800000, 0x00000006ca700000, 0x000000076ad80000)
  object space 162816K, 15% used [0x00000006c0800000,0x00000006c204f320,0x00000006ca700000)
 Metaspace       used 44758K, capacity 46804K, committed 46976K, reserved 1095680K
  class space    used 6338K, capacity 6748K, committed 6784K, reserved 1048576K
}

Deoptimization events (0 events):
No events

Classes redefined (0 events):
No events

Internal exceptions (10 events):
Event: 4.064 Thread 0x000000001f710800 Exception <a 'java/lang/ArrayIndexOutOfBoundsException'> (0x000000076ada2fc8) thrown at [C:\re\workspace\8-2-build-windows-amd64-cygwin\jdk8u201\12322\hotspot\src\share\vm\runtime\sharedRuntime.cpp, line 605]
Event: 4.064 Thread 0x000000001f710800 Exception <a 'java/lang/ArrayIndexOutOfBoundsException'> (0x000000076ada6618) thrown at [C:\re\workspace\8-2-build-windows-amd64-cygwin\jdk8u201\12322\hotspot\src\share\vm\runtime\sharedRuntime.cpp, line 605]
Event: 4.065 Thread 0x000000001f710800 Exception <a 'java/lang/ArrayIndexOutOfBoundsException'> (0x000000076ada7f48) thrown at [C:\re\workspace\8-2-build-windows-amd64-cygwin\jdk8u201\12322\hotspot\src\share\vm\runtime\sharedRuntime.cpp, line 605]
Event: 4.065 Thread 0x000000001f710800 Exception <a 'java/lang/ArrayIndexOutOfBoundsException'> (0x000000076adab008) thrown at [C:\re\workspace\8-2-build-windows-amd64-cygwin\jdk8u201\12322\hotspot\src\share\vm\runtime\sharedRuntime.cpp, line 605]
Event: 4.065 Thread 0x000000001f710800 Exception <a 'java/lang/ArrayIndexOutOfBoundsException'> (0x000000076adabfc0) thrown at [C:\re\workspace\8-2-build-windows-amd64-cygwin\jdk8u201\12322\hotspot\src\share\vm\runtime\sharedRuntime.cpp, line 605]
Event: 4.065 Thread 0x000000001f710800 Exception <a 'java/lang/ArrayIndexOutOfBoundsException'> (0x000000076adadd28) thrown at [C:\re\workspace\8-2-build-windows-amd64-cygwin\jdk8u201\12322\hotspot\src\share\vm\runtime\sharedRuntime.cpp, line 605]
Event: 4.065 Thread 0x000000001f710800 Exception <a 'java/lang/ArrayIndexOutOfBoundsException'> (0x000000076adaff28) thrown at [C:\re\workspace\8-2-build-windows-amd64-cygwin\jdk8u201\12322\hotspot\src\share\vm\runtime\sharedRuntime.cpp, line 605]
Event: 4.065 Thread 0x000000001f710800 Exception <a 'java/lang/ArrayIndexOutOfBoundsException'> (0x000000076adb15c0) thrown at [C:\re\workspace\8-2-build-windows-amd64-cygwin\jdk8u201\12322\hotspot\src\share\vm\runtime\sharedRuntime.cpp, line 605]
Event: 4.065 Thread 0x000000001f710800 Exception <a 'java/lang/ArrayIndexOutOfBoundsException'> (0x000000076adb26e8) thrown at [C:\re\workspace\8-2-build-windows-amd64-cygwin\jdk8u201\12322\hotspot\src\share\vm\runtime\sharedRuntime.cpp, line 605]
Event: 4.076 Thread 0x000000001f710800 Exception <a 'java/lang/NoSuchMethodError': java.lang.Object.lambda$map$1(Ljava/util/function/Function;)Ljava/util/stream/Stream;> (0x000000076aed5f70) thrown at [C:\re\workspace\8-2-build-windows-amd64-cygwin\jdk8u201\12322\hotspot\src\share\vm\interpret

Events (10 events):
Event: 4.084 loading class org/springframework/transaction/support/TransactionSynchronizationUtils$ScopedProxyUnwrapper
Event: 4.084 loading class org/springframework/transaction/support/TransactionSynchronizationUtils$ScopedProxyUnwrapper done
Event: 4.084 loading class org/hibernate/internal/SessionImpl
Event: 4.084 loading class org/hibernate/internal/SessionImpl done
Event: 4.086 loading class org/hibernate/event/spi/EventSource
Event: 4.086 loading class org/hibernate/event/spi/EventSource done
Event: 4.090 loading class org/hibernate/internal/AbstractSessionImpl
Event: 4.090 loading class org/hibernate/internal/AbstractSessionImpl done
Event: 4.090 loading class org/hibernate/internal/AbstractSharedSessionContract
Event: 4.090 loading class org/hibernate/internal/AbstractSharedSessionContract done


Dynamic libraries:
0x00007ff68a1e0000 - 0x00007ff68a217000 	C:\Program Files\Java\jdk1.8.0_201\bin\java.exe
0x00007ff9d34c0000 - 0x00007ff9d36b0000 	C:\WINDOWS\SYSTEM32\ntdll.dll
0x00007ff9d2f60000 - 0x00007ff9d3012000 	C:\WINDOWS\System32\KERNEL32.dll
0x00007ff9c8e30000 - 0x00007ff9c8f4b000 	C:\Windows\system32\hmpalert.dll
0x00007ff9d0450000 - 0x00007ff9d06f3000 	C:\WINDOWS\System32\KERNELBASE.dll
0x00007ff9d2620000 - 0x00007ff9d26c3000 	C:\WINDOWS\System32\ADVAPI32.dll
0x00007ff9d1ca0000 - 0x00007ff9d1d3e000 	C:\WINDOWS\System32\msvcrt.dll
0x00007ff9d2880000 - 0x00007ff9d2917000 	C:\WINDOWS\System32\sechost.dll
0x00007ff9d1ad0000 - 0x00007ff9d1bf0000 	C:\WINDOWS\System32\RPCRT4.dll
0x00007ff9d3050000 - 0x00007ff9d31e4000 	C:\WINDOWS\System32\USER32.dll
0x00007ff9d1540000 - 0x00007ff9d1561000 	C:\WINDOWS\System32\win32u.dll
0x00007ff9d1d40000 - 0x00007ff9d1d66000 	C:\WINDOWS\System32\GDI32.dll
0x00007ff9d11d0000 - 0x00007ff9d1364000 	C:\WINDOWS\System32\gdi32full.dll
0x00007ff9d1370000 - 0x00007ff9d140e000 	C:\WINDOWS\System32\msvcp_win.dll
0x00007ff9d0920000 - 0x00007ff9d0a1a000 	C:\WINDOWS\System32\ucrtbase.dll
0x00007ff9c1a50000 - 0x00007ff9c1cd5000 	C:\WINDOWS\WinSxS\amd64_microsoft.windows.common-controls_6595b64144ccf1df_6.0.18362.418_none_e6c6b287130d565d\COMCTL32.dll
0x00007ff9d1570000 - 0x00007ff9d18a6000 	C:\WINDOWS\System32\combase.dll
0x00007ff9d1410000 - 0x00007ff9d1490000 	C:\WINDOWS\System32\bcryptPrimitives.dll
0x00007ff9d3020000 - 0x00007ff9d304e000 	C:\WINDOWS\System32\IMM32.DLL
0x00007ff9ceee0000 - 0x00007ff9cef1c000 	C:\PROGRA~2\Sophos\SOPHOS~2\SOPHOS~2.DLL
0x00007ff9d18b0000 - 0x00007ff9d18b8000 	C:\WINDOWS\System32\PSAPI.DLL
0x00000000768c0000 - 0x0000000076991000 	C:\Program Files\Java\jdk1.8.0_201\jre\bin\msvcr100.dll
0x0000000076010000 - 0x00000000768b4000 	C:\Program Files\Java\jdk1.8.0_201\jre\bin\server\jvm.dll
0x00007ff9c1640000 - 0x00007ff9c1649000 	C:\WINDOWS\SYSTEM32\WSOCK32.dll
0x00007ff9caa90000 - 0x00007ff9caa9a000 	C:\WINDOWS\SYSTEM32\VERSION.dll
0x00007ff9cb690000 - 0x00007ff9cb6b4000 	C:\WINDOWS\SYSTEM32\WINMM.dll
0x00007ff9d2ef0000 - 0x00007ff9d2f5f000 	C:\WINDOWS\System32\WS2_32.dll
0x00007ff9cb660000 - 0x00007ff9cb68d000 	C:\WINDOWS\SYSTEM32\winmmbase.dll
0x00007ff9d0700000 - 0x00007ff9d074a000 	C:\WINDOWS\System32\cfgmgr32.dll
0x00007ff9c91b0000 - 0x00007ff9c91bf000 	C:\Program Files\Java\jdk1.8.0_201\jre\bin\verify.dll
0x00007ff9c2400000 - 0x00007ff9c2429000 	C:\Program Files\Java\jdk1.8.0_201\jre\bin\java.dll
0x00007ff9c0d60000 - 0x00007ff9c0d83000 	C:\Program Files\Java\jdk1.8.0_201\jre\bin\instrument.dll
0x00007ff9c2cd0000 - 0x00007ff9c2ce6000 	C:\Program Files\Java\jdk1.8.0_201\jre\bin\zip.dll
0x00007ff9d1f30000 - 0x00007ff9d2615000 	C:\WINDOWS\System32\SHELL32.dll
0x00007ff9d1bf0000 - 0x00007ff9d1c99000 	C:\WINDOWS\System32\shcore.dll
0x00007ff9d0a20000 - 0x00007ff9d119f000 	C:\WINDOWS\System32\windows.storage.dll
0x00007ff9d03e0000 - 0x00007ff9d03ff000 	C:\WINDOWS\System32\profapi.dll
0x00007ff9d0400000 - 0x00007ff9d044a000 	C:\WINDOWS\System32\powrprof.dll
0x00007ff9d0390000 - 0x00007ff9d03a0000 	C:\WINDOWS\System32\UMPDC.dll
0x00007ff9d2a20000 - 0x00007ff9d2a72000 	C:\WINDOWS\System32\shlwapi.dll
0x00007ff9d03a0000 - 0x00007ff9d03b1000 	C:\WINDOWS\System32\kernel.appcore.dll
0x00007ff9d07b0000 - 0x00007ff9d07c7000 	C:\WINDOWS\System32\cryptsp.dll
0x00007ff9bfdb0000 - 0x00007ff9bfdca000 	C:\Program Files\JetBrains\IntelliJ IDEA 2019.2\bin\breakgen64.dll
0x00007ff9c23e0000 - 0x00007ff9c23fa000 	C:\Program Files\Java\jdk1.8.0_201\jre\bin\net.dll
0x00007ff9c47f0000 - 0x00007ff9c49c6000 	C:\WINDOWS\SYSTEM32\urlmon.dll
0x00007ff9c4af0000 - 0x00007ff9c4d96000 	C:\WINDOWS\SYSTEM32\iertutil.dll
0x00007ff9cfdd0000 - 0x00007ff9cfddc000 	C:\WINDOWS\SYSTEM32\CRYPTBASE.DLL
0x00007ff9cfc00000 - 0x00007ff9cfc67000 	C:\WINDOWS\system32\mswsock.dll
0x00007ff9cf950000 - 0x00007ff9cfa1a000 	C:\WINDOWS\SYSTEM32\DNSAPI.dll
0x00007ff9d2920000 - 0x00007ff9d2928000 	C:\WINDOWS\System32\NSI.dll
0x00007ff9cf910000 - 0x00007ff9cf94a000 	C:\WINDOWS\SYSTEM32\IPHLPAPI.DLL
0x00007ff9c2680000 - 0x00007ff9c268a000 	C:\Windows\System32\rasadhlp.dll
0x00007ff9ca200000 - 0x00007ff9ca277000 	C:\WINDOWS\System32\fwpuclnt.dll
0x00007ff9d11a0000 - 0x00007ff9d11c6000 	C:\WINDOWS\System32\bcrypt.dll
0x00007ff9c2dc0000 - 0x00007ff9c2dcd000 	C:\Program Files\Java\jdk1.8.0_201\jre\bin\management.dll
0x00007ff9c2300000 - 0x00007ff9c2311000 	C:\Program Files\Java\jdk1.8.0_201\jre\bin\nio.dll
0x00007ff9cf770000 - 0x00007ff9cf7a3000 	C:\WINDOWS\system32\rsaenh.dll
0x00007ff9d02b0000 - 0x00007ff9d02d5000 	C:\WINDOWS\SYSTEM32\USERENV.dll
0x00007ff9caaa0000 - 0x00007ff9caab6000 	C:\WINDOWS\SYSTEM32\dhcpcsvc6.DLL
0x00007ff9cafe0000 - 0x00007ff9caffc000 	C:\WINDOWS\SYSTEM32\dhcpcsvc.DLL
0x00007ff993d00000 - 0x00007ff993d16000 	C:\WINDOWS\system32\napinsp.dll
0x00007ff993cd0000 - 0x00007ff993cea000 	C:\WINDOWS\system32\pnrpnsp.dll
0x00007ff993cc0000 - 0x00007ff993cce000 	C:\WINDOWS\System32\winrnr.dll
0x00007ff9cd8a0000 - 0x00007ff9cd8bc000 	C:\WINDOWS\system32\NLAapi.dll
0x00007ff9b4cc0000 - 0x00007ff9b4cd5000 	C:\WINDOWS\system32\wshbth.dll

VM Arguments:
jvm_args: -XX:TieredStopAtLevel=1 -Xverify:none -Dspring.output.ansi.enabled=always -Dcom.sun.management.jmxremote -Dspring.jmx.enabled=true -Dspring.liveBeansView.mbeanDomain -Dspring.application.admin.enabled=true -javaagent:C:\Program Files\JetBrains\IntelliJ IDEA 2019.2\lib\idea_rt.jar=48133:C:\Program Files\JetBrains\IntelliJ IDEA 2019.2\bin -Dfile.encoding=UTF-8 
java_command: io.github.alesur.assetm.restfullwebservice.RestfullwebserviceApplication
java_class_path (initial): C:\Program Files\Java\jdk1.8.0_201\jre\lib\charsets.jar;C:\Program Files\Java\jdk1.8.0_201\jre\lib\deploy.jar;C:\Program Files\Java\jdk1.8.0_201\jre\lib\ext\access-bridge-64.jar;C:\Program Files\Java\jdk1.8.0_201\jre\lib\ext\cldrdata.jar;C:\Program Files\Java\jdk1.8.0_201\jre\lib\ext\dnsns.jar;C:\Program Files\Java\jdk1.8.0_201\jre\lib\ext\jaccess.jar;C:\Program Files\Java\jdk1.8.0_201\jre\lib\ext\jfxrt.jar;C:\Program Files\Java\jdk1.8.0_201\jre\lib\ext\localedata.jar;C:\Program Files\Java\jdk1.8.0_201\jre\lib\ext\nashorn.jar;C:\Program Files\Java\jdk1.8.0_201\jre\lib\ext\sunec.jar;C:\Program Files\Java\jdk1.8.0_201\jre\lib\ext\sunjce_provider.jar;C:\Program Files\Java\jdk1.8.0_201\jre\lib\ext\sunmscapi.jar;C:\Program Files\Java\jdk1.8.0_201\jre\lib\ext\sunpkcs11.jar;C:\Program Files\Java\jdk1.8.0_201\jre\lib\ext\zipfs.jar;C:\Program Files\Java\jdk1.8.0_201\jre\lib\javaws.jar;C:\Program Files\Java\jdk1.8.0_201\jre\lib\jce.jar;C:\Program Files\Java\jdk1.8.0_201\jre\lib\jfr.jar;C:\Program Files\Java\jdk1.8.0_201\jre\lib\jfxswt.jar;C:\Program Files\Java\jdk1.8.0_201\jre\lib\jsse.jar;C:\Program Files\Java\jdk1.8.0_201\jre\lib\management-agent.jar;C:\Program Files\Java\jdk1.8.0_201\jre\lib\plugin.jar;C:\Program Files\Java\jdk1.8.0_201\jre\lib\resources.jar;C:\Program Files\Java\jdk1.8.0_201\jre\lib\rt.jar;C:\Users\dev\Dropbox\Study\assetm\restfullwebservice\target\classes;C:\Users\dev\.m2\repository\org\springframework\boot\spring-boot-starter-data-jpa\2.2.0.RELEASE\spring-boot-starter-data-jpa-2.2.0.RELEASE.jar;C:\Users\dev\.m2\repository\org\springframework\boot\spring-boot-starter-aop\2.2.0.RELEASE\spring-boot-starter-aop-2.2.0.RELEASE.jar;C:\Users\dev\.m2\repository\org\springframework\spring-aop\5.2.0.RELEASE\spring-aop-5.2.0.RELEASE.jar;C:\Users\dev\.m2\repository\org\aspectj\aspectjweaver\1.9.4\aspectjweaver-1.9.4.jar;C:\Users\dev\.m2\repository\org\springframework\boot\spring-boot-starter-jdbc\2.2.0.RELEASE\spring-boot-starter-jdbc-2.
Launcher Type: SUN_STANDARD

Environment Variables:
JAVA_HOME=C:\Program Files\Java\jdk1.8.0_201
PATH=C:\Python27\;C:\Python27\Scripts;C:\Program Files (x86)\VMware\VMware vSphere CLI\Perl\site\bin;C:\Program Files (x86)\VMware\VMware vSphere CLI\Perl\bin;C:\Program Files (x86)\Common Files\Oracle\Java\javapath;C:\Program Files (x86)\Intel\iCLS Client\;C:\Program Files\Intel\iCLS Client\;C:\WINDOWS\system32;C:\WINDOWS;C:\WINDOWS\System32\Wbem;C:\WINDOWS\System32\WindowsPowerShell\v1.0\;C:\Program Files (x86)\Intel\Intel(R) Management Engine Components\DAL;C:\Program Files\Intel\Intel(R) Management Engine Components\DAL;C:\Program Files (x86)\Intel\Intel(R) Management Engine Components\IPT;C:\Program Files\Intel\Intel(R) Management Engine Components\IPT;C:\Program Files (x86)\NVIDIA Corporation\PhysX\Common;C:\WINDOWS\system32;C:\WINDOWS;C:\WINDOWS\System32\Wbem;C:\WINDOWS\System32\WindowsPowerShell\v1.0\;C:\Program Files (x86)\Novell\ZENworks\bin;C:\Program Files (x86)\Novell\GroupWise;C:\WINDOWS\System32\OpenSSH\;C:\Program Files\Common Files\Autodesk Shared\;C:\Program Files (x86)\Autodesk\Backburner\;C:\Program Files\Novell\iPrint;C:\Program Files\Git\cmd;C:\ProgramData\chocolatey\bin;C:\Program Files\nodejs\;C:\Program Files (x86)\Nmap;C:\Users\dev\AppData\Local\Microsoft\WindowsApps;C:\Users\dev\AppData\Local\Programs\Microsoft VS Code\bin;C:\Users\dev\AppData\Roaming\npm
USERNAME=dev
OS=Windows_NT
PROCESSOR_IDENTIFIER=Intel64 Family 6 Model 158 Stepping 9, GenuineIntel



---------------  S Y S T E M  ---------------

OS: Windows 10.0 , 64 bit Build 18362 (10.0.18362.329)

CPU:total 8 (initial active 8) (4 cores per cpu, 2 threads per core) family 6 model 158 stepping 9, cmov, cx8, fxsr, mmx, sse, sse2, sse3, ssse3, sse4.1, sse4.2, popcnt, avx, avx2, aes, clmul, erms, rtm, 3dnowpref, lzcnt, ht, tsc, tscinvbit, bmi1, bmi2, adx

Memory: 4k page, physical 16740896k(4289136k free), swap 16740896k(116k free)

vm_info: Java HotSpot(TM) 64-Bit Server VM (25.201-b09) for windows-amd64 JRE (1.8.0_201-b09), built on Dec 15 2018 18:36:39 by "java_re" with MS VC++ 10.0 (VS2010)

time: Thu Nov 21 15:24:11 2019
timezone: FLE Standard Time
elapsed time: 4 seconds (0d 0h 0m 4s)

